  Source.cpp
C:\Users\gido7\OneDrive\Desktop\computer science\CS 1\project 2\Bank.h(184,1): warning C4267: 'initializing': conversion from 'size_t' to 'int', possible loss of data
C:\Users\gido7\OneDrive\Desktop\computer science\CS 1\project 2\Bank.h(196,1): warning C4267: 'initializing': conversion from 'size_t' to 'int', possible loss of data
C:\Users\gido7\OneDrive\Desktop\computer science\CS 1\project 2\Bank.h(201,1): warning C4267: 'initializing': conversion from 'size_t' to 'int', possible loss of data
C:\Users\gido7\OneDrive\Desktop\computer science\CS 1\project 2\Bank.h(210,1): warning C4267: 'initializing': conversion from 'size_t' to 'int', possible loss of data
C:\Users\gido7\OneDrive\Desktop\computer science\CS 1\project 2\Bank.h(216,13): warning C4244: 'initializing': conversion from '_Ty' to 'int', possible loss of data
          with
          [
              _Ty=float
          ]
C:\Users\gido7\OneDrive\Desktop\computer science\CS 1\project 2\Bank.h(219,26): warning C4244: '=': conversion from '_Ty' to 'int', possible loss of data
          with
          [
              _Ty=float
          ]
C:\Users\gido7\OneDrive\Desktop\computer science\CS 1\project 2\Bank.h(280,1): warning C4267: 'initializing': conversion from 'size_t' to 'int', possible loss of data
C:\Users\gido7\OneDrive\Desktop\computer science\CS 1\project 2\Bank.h(282,1): warning C4267: 'initializing': conversion from 'size_t' to 'int', possible loss of data
C:\Users\gido7\OneDrive\Desktop\computer science\CS 1\project 2\Bank.h(290,1): warning C4267: 'initializing': conversion from 'size_t' to 'int', possible loss of data
C:\Users\gido7\OneDrive\Desktop\computer science\CS 1\project 2\Bank.h(306,1): warning C4267: 'initializing': conversion from 'size_t' to 'int', possible loss of data
C:\Users\gido7\OneDrive\Desktop\computer science\CS 1\project 2\Bank.h(314,1): warning C4267: 'initializing': conversion from 'size_t' to 'int', possible loss of data
C:\Users\gido7\OneDrive\Desktop\computer science\CS 1\project 2\Source.cpp(26,22): warning C4267: 'initializing': conversion from 'size_t' to 'int', possible loss of data
C:\Users\gido7\OneDrive\Desktop\computer science\CS 1\project 2\Source.cpp(45,22): warning C4267: 'initializing': conversion from 'size_t' to 'int', possible loss of data
C:\Users\gido7\OneDrive\Desktop\computer science\CS 1\project 2\Source.cpp(63,22): warning C4267: 'initializing': conversion from 'size_t' to 'int', possible loss of data
C:\Users\gido7\OneDrive\Desktop\computer science\CS 1\project 2\Source.cpp(64,28): warning C4244: 'initializing': conversion from 'double' to 'int', possible loss of data
C:\Users\gido7\OneDrive\Desktop\computer science\CS 1\project 2\Source.cpp(82,18): warning C4267: 'initializing': conversion from 'size_t' to 'int', possible loss of data
C:\Users\gido7\OneDrive\Desktop\computer science\CS 1\project 2\Source.cpp(92,19): warning C4267: 'initializing': conversion from 'size_t' to 'int', possible loss of data
C:\Users\gido7\OneDrive\Desktop\computer science\CS 1\project 2\Source.cpp(128,26): warning C4267: 'initializing': conversion from 'size_t' to 'int', possible loss of data
C:\Users\gido7\OneDrive\Desktop\computer science\CS 1\project 2\Source.cpp(152,18): warning C4267: 'initializing': conversion from 'size_t' to 'int', possible loss of data
C:\Users\gido7\OneDrive\Desktop\computer science\CS 1\project 2\Source.cpp(161,18): warning C4267: 'initializing': conversion from 'size_t' to 'int', possible loss of data
C:\Users\gido7\OneDrive\Desktop\computer science\CS 1\project 2\Source.cpp(247,26): warning C4267: 'initializing': conversion from 'size_t' to 'int', possible loss of data
C:\Users\gido7\OneDrive\Desktop\computer science\CS 1\project 2\Source.cpp(270,19): warning C4267: 'initializing': conversion from 'size_t' to 'int', possible loss of data
C:\Users\gido7\OneDrive\Desktop\computer science\CS 1\project 2\Source.cpp(277,33): warning C4267: 'initializing': conversion from 'size_t' to 'int', possible loss of data
C:\Users\gido7\OneDrive\Desktop\computer science\CS 1\project 2\Source.cpp(289,19): warning C4267: 'initializing': conversion from 'size_t' to 'int', possible loss of data
C:\Users\gido7\OneDrive\Desktop\computer science\CS 1\project 2\Source.cpp(296,33): warning C4267: 'initializing': conversion from 'size_t' to 'int', possible loss of data
C:\Users\gido7\OneDrive\Desktop\computer science\CS 1\project 2\Source.cpp(314,19): warning C4267: 'initializing': conversion from 'size_t' to 'int', possible loss of data
C:\Users\gido7\OneDrive\Desktop\computer science\CS 1\project 2\Source.cpp(334,18): warning C4267: 'initializing': conversion from 'size_t' to 'int', possible loss of data
C:\Users\gido7\OneDrive\Desktop\computer science\CS 1\project 2\Source.cpp(454,20): warning C4267: 'initializing': conversion from 'size_t' to 'int', possible loss of data
C:\Users\gido7\OneDrive\Desktop\computer science\CS 1\project 2\Source.cpp(487,18): warning C4267: 'initializing': conversion from 'size_t' to 'int', possible loss of data
  project 2.vcxproj -> C:\Users\gido7\OneDrive\Desktop\computer science\CS 1\project 2\x64\Debug\project 2.exe
